0.5888 	WARNING 	We strongly recommend you activate the PTB sound engine in PsychoPy prefs as the preferred audio engine. Its timing is vastly superior. Your prefs are currently set to use ['sounddevice', 'PTB', 'pyo', 'pygame'] (in that order).
6.9802 	INFO 	Loaded monitor calibration from ['2021_07_06 09:38']
7.5483 	EXP 	Created window1 = Window(allowGUI=False, allowStencil=False, autoLog=True, backendConf=UNKNOWN, bitsMode=UNKNOWN, blendMode='avg', bpc=(8, 8, 8), color=array([1, 1, 1]), colorSpace='rgb', depthBits=8, fullscr=<method-wrapper '__getattribute__' of attributeSetter object at 0x7f8f8daea898>, gamma=None, gammaErrorPolicy='raise', lms=UNKNOWN, monitor=<psychopy.monitors.calibTools.Monitor object at 0x7f8f8df72240>, multiSample=False, name='window1', numSamples=2, pos=[560.0, 315.0], screen=0, size=array([4480, 2520]), stencilBits=0, stereo=False, units='height', useFBO=True, useRetina=True, viewOri=0.0, viewPos=None, viewScale=None, waitBlanking=True, winType='pyglet')
7.5485 	EXP 	window1: mouseVisible = True
7.5485 	EXP 	window1: recordFrameIntervals = False
7.7144 	EXP 	window1: recordFrameIntervals = True
7.8981 	DEBUG 	Screen (0) actual frame rate measured at 59.89
7.8981 	EXP 	window1: recordFrameIntervals = False
8.1917 	INFO 	keyboard.Keyboard is using ptb backend.
8.2202 	EXP 	[0 0 0 0 0 0 0 0 0 0]
8.2681 	EXP 	Created welcome_text = TextStim(__class__=<class 'psychopy.visual.text.TextStim'>, alignHoriz=method-wrapper(...), alignText='center', alignVert=method-wrapper(...), anchorHoriz='center', anchorVert='center', antialias=True, autoLog=True, bold=False, color=array([-1., -1., -1.]), colorSpace='rgb', contrast=1.0, depth=-3.0, flipHoriz=False, flipVert=False, font='Open Sans', fontFiles=[], height=0.05, italic=False, languageStyle='LTR', name='welcome_text', opacity=1, ori=0.0, pos=array([0., 0.]), rgb=UNKNOWN, text=str(...), units='height', win=Window(...), wrapWidth=1)
8.3056 	INFO 	keyboard.Keyboard is using ptb backend.
8.3176 	EXP 	Created train_inst1_text = TextStim(__class__=<class 'psychopy.visual.text.TextStim'>, alignHoriz=method-wrapper(...), alignText='center', alignVert=method-wrapper(...), anchorHoriz='center', anchorVert='center', antialias=True, autoLog=True, bold=False, color=array([-1., -1., -1.]), colorSpace='rgb', contrast=1.0, depth=-1.0, flipHoriz=False, flipVert=False, font='Open Sans', fontFiles=[], height=0.05, italic=False, languageStyle='LTR', name='train_inst1_text', opacity=1, ori=0.0, pos=array([0., 0.]), rgb=UNKNOWN, text=str(...), units='height', win=Window(...), wrapWidth=1)
8.3524 	INFO 	keyboard.Keyboard is using ptb backend.
8.3611 	EXP 	Created train_inst2_text = TextStim(__class__=<class 'psychopy.visual.text.TextStim'>, alignHoriz=method-wrapper(...), alignText='center', alignVert=method-wrapper(...), anchorHoriz='center', anchorVert='center', antialias=True, autoLog=True, bold=False, color=array([-1., -1., -1.]), colorSpace='rgb', contrast=1.0, depth=0.0, flipHoriz=False, flipVert=False, font='Open Sans', fontFiles=[], height=0.05, italic=False, languageStyle='LTR', name='train_inst2_text', opacity=1, ori=0.0, pos=array([0., 0.]), rgb=UNKNOWN, text=str(...), units='height', win=Window(...), wrapWidth=1)
8.3962 	INFO 	keyboard.Keyboard is using ptb backend.
8.4432 	EXP 	Created train_begin_text = TextStim(__class__=<class 'psychopy.visual.text.TextStim'>, alignHoriz=method-wrapper(...), alignText='center', alignVert=method-wrapper(...), anchorHoriz='center', anchorVert='center', antialias=True, autoLog=True, bold=False, color=array([-1., -1., -1.]), colorSpace='rgb', contrast=1.0, depth=-1.0, flipHoriz=False, flipVert=False, font='Open Sans', fontFiles=[], height=0.05, italic=False, languageStyle='LTR', name='train_begin_text', opacity=1, ori=0.0, pos=array([0., 0.]), rgb=UNKNOWN, text='Press SPACE to start the training phase. ', units='height', win=Window(...), wrapWidth=1)
8.4825 	INFO 	keyboard.Keyboard is using ptb backend.
8.4852 	EXP 	Created train_image = ImageStim(__class__=<class 'psychopy.visual.image.ImageStim'>, autoLog=True, color=array([1., 1., 1.]), colorSpace='rgb', contrast=1.0, depth=-1.0, flipHoriz=False, flipVert=False, image='sin', interpolate=False, mask=None, maskParams=None, name='train_image', opacity=1, ori=0.0, pos=array([0. , 0.1]), size=array([0.55, 0.55]), texRes=128.0, units='height', win=Window(...))
8.4891 	EXP 	Created catA_train = TextStim(__class__=<class 'psychopy.visual.text.TextStim'>, alignHoriz=method-wrapper(...), alignText='center', alignVert=method-wrapper(...), anchorHoriz='center', anchorVert='center', antialias=True, autoLog=True, bold=False, color=array([-1., -1., -1.]), colorSpace='rgb', contrast=1.0, depth=-2.0, flipHoriz=False, flipVert=False, font='Open Sans', fontFiles=[], height=0.075, italic=False, languageStyle='LTR', name='catA_train', opacity=1, ori=0.0, pos=array([-0.4 , -0.35]), rgb=UNKNOWN, text='Wallaces', units='height', win=Window(...), wrapWidth=1)
8.4931 	EXP 	Created catB_train = TextStim(__class__=<class 'psychopy.visual.text.TextStim'>, alignHoriz=method-wrapper(...), alignText='center', alignVert=method-wrapper(...), anchorHoriz='center', anchorVert='center', antialias=True, autoLog=True, bold=False, color=array([-1., -1., -1.]), colorSpace='rgb', contrast=1.0, depth=-3.0, flipHoriz=False, flipVert=False, font='Open Sans', fontFiles=[], height=0.075, italic=False, languageStyle='LTR', name='catB_train', opacity=1, ori=0.0, pos=array([ 0.4 , -0.35]), rgb=UNKNOWN, text='Gromets', units='height', win=Window(...), wrapWidth=1)
8.5277 	INFO 	keyboard.Keyboard is using ptb backend.
8.5285 	EXP 	Created feedback_text = TextStim(__class__=<class 'psychopy.visual.text.TextStim'>, alignHoriz=method-wrapper(...), alignText='center', alignVert=method-wrapper(...), anchorHoriz='center', anchorVert='center', antialias=True, autoLog=True, bold=False, color=array([-1., -1., -1.]), colorSpace='rgb', contrast=1.0, depth=-1.0, flipHoriz=False, flipVert=False, font='Open Sans', fontFiles=[], height=0.05, italic=False, languageStyle='LTR', name='feedback_text', opacity=1, ori=0.0, pos=array([0., 0.]), rgb=UNKNOWN, text='', units='height', win=Window(...), wrapWidth=1)
8.5312 	EXP 	Created fix1000 = ShapeStim(__class__=<class 'psychopy.visual.shape.ShapeStim'>, autoDraw=False, autoLog=True, closeShape=True, color=method-wrapper(...), colorSpace='rgb', contrast=None, depth=0.0, fillColor=array([-1, -1, -1]), fillColorSpace='rgb', fillRGB=array([-1, -1, -1]), interpolate=True, lineColor=array([1., 1., 1.]), lineColorSpace='rgb', lineRGB=array([1, 1, 1]), lineWidth=1.0, name='fix1000', opacity=1, ori=0.0, pos=array([0., 0.]), size=array([0.15, 0.15]), units='height', vertices=ndarray(...), win=Window(...), windingRule=None)
8.5359 	EXP 	Created run_break_text = TextStim(__class__=<class 'psychopy.visual.text.TextStim'>, alignHoriz=method-wrapper(...), alignText='center', alignVert=method-wrapper(...), anchorHoriz='center', anchorVert='center', antialias=True, autoLog=True, bold=False, color=array([-1., -1., -1.]), colorSpace='rgb', contrast=1.0, depth=0.0, flipHoriz=False, flipVert=False, font='Open Sans', fontFiles=[], height=0.05, italic=False, languageStyle='LTR', name='run_break_text', opacity=1, ori=0.0, pos=array([0., 0.]), rgb=UNKNOWN, text=str(...), units='height', win=Window(...), wrapWidth=1)
8.5706 	INFO 	keyboard.Keyboard is using ptb backend.
8.5767 	EXP 	Created train_end_text = TextStim(__class__=<class 'psychopy.visual.text.TextStim'>, alignHoriz=method-wrapper(...), alignText='center', alignVert=method-wrapper(...), anchorHoriz='center', anchorVert='center', antialias=True, autoLog=True, bold=False, color=array([-1., -1., -1.]), colorSpace='rgb', contrast=1.0, depth=0.0, flipHoriz=False, flipVert=False, font='Open Sans', fontFiles=[], height=0.05, italic=False, languageStyle='LTR', name='train_end_text', opacity=1, ori=0.0, pos=array([0., 0.]), rgb=UNKNOWN, text=str(...), units='height', win=Window(...), wrapWidth=1)
8.6115 	INFO 	keyboard.Keyboard is using ptb backend.
8.6204 	EXP 	Created test_inst1_text = TextStim(__class__=<class 'psychopy.visual.text.TextStim'>, alignHoriz=method-wrapper(...), alignText='center', alignVert=method-wrapper(...), anchorHoriz='center', anchorVert='center', antialias=True, autoLog=True, bold=False, color=array([-1., -1., -1.]), colorSpace='rgb', contrast=1.0, depth=-1.0, flipHoriz=False, flipVert=False, font='Open Sans', fontFiles=[], height=0.05, italic=False, languageStyle='LTR', name='test_inst1_text', opacity=1, ori=0.0, pos=array([0., 0.]), rgb=UNKNOWN, text=str(...), units='height', win=Window(...), wrapWidth=1)
8.6551 	INFO 	keyboard.Keyboard is using ptb backend.
8.6633 	EXP 	Created test_inst2_text = TextStim(__class__=<class 'psychopy.visual.text.TextStim'>, alignHoriz=method-wrapper(...), alignText='center', alignVert=method-wrapper(...), anchorHoriz='center', anchorVert='center', antialias=True, autoLog=True, bold=False, color=array([-1., -1., -1.]), colorSpace='rgb', contrast=1.0, depth=0.0, flipHoriz=False, flipVert=False, font='Open Sans', fontFiles=[], height=0.05, italic=False, languageStyle='LTR', name='test_inst2_text', opacity=1, ori=0.0, pos=array([0., 0.]), rgb=UNKNOWN, text=str(...), units='height', win=Window(...), wrapWidth=1)
8.6982 	INFO 	keyboard.Keyboard is using ptb backend.
9.5965 	EXP 	Created test_begin_text = TextStim(__class__=<class 'psychopy.visual.text.TextStim'>, alignHoriz=method-wrapper(...), alignText='center', alignVert=method-wrapper(...), anchorHoriz='center', anchorVert='center', antialias=True, autoLog=True, bold=False, color=array([-1., -1., -1.]), colorSpace='rgb', contrast=1.0, depth=-1.0, flipHoriz=False, flipVert=False, font='Open Sans', fontFiles=[], height=0.05, italic=False, languageStyle='LTR', name='test_begin_text', opacity=1, ori=0.0, pos=array([0., 0.]), rgb=UNKNOWN, text='Press SPACE to start the testing phase. ', units='height', win=Window(...), wrapWidth=1)
9.6380 	INFO 	keyboard.Keyboard is using ptb backend.
9.6403 	EXP 	Created test_image = ImageStim(__class__=<class 'psychopy.visual.image.ImageStim'>, autoLog=True, color=array([1., 1., 1.]), colorSpace='rgb', contrast=1.0, depth=-1.0, flipHoriz=False, flipVert=False, image='sin', interpolate=False, mask=None, maskParams=None, name='test_image', opacity=1, ori=0.0, pos=array([0. , 0.1]), size=array([0.55, 0.55]), texRes=128.0, units='height', win=Window(...))
9.6422 	EXP 	Created catA_test = TextStim(__class__=<class 'psychopy.visual.text.TextStim'>, alignHoriz=method-wrapper(...), alignText='center', alignVert=method-wrapper(...), anchorHoriz='center', anchorVert='center', antialias=True, autoLog=True, bold=False, color=array([-1., -1., -1.]), colorSpace='rgb', contrast=1.0, depth=-2.0, flipHoriz=False, flipVert=False, font='Open Sans', fontFiles=[], height=0.075, italic=False, languageStyle='LTR', name='catA_test', opacity=1, ori=0.0, pos=array([-0.4 , -0.35]), rgb=UNKNOWN, text='Wallaces', units='height', win=Window(...), wrapWidth=1)
9.6440 	EXP 	Created catB_test = TextStim(__class__=<class 'psychopy.visual.text.TextStim'>, alignHoriz=method-wrapper(...), alignText='center', alignVert=method-wrapper(...), anchorHoriz='center', anchorVert='center', antialias=True, autoLog=True, bold=False, color=array([-1., -1., -1.]), colorSpace='rgb', contrast=1.0, depth=-3.0, flipHoriz=False, flipVert=False, font='Open Sans', fontFiles=[], height=0.075, italic=False, languageStyle='LTR', name='catB_test', opacity=1, ori=0.0, pos=array([ 0.4 , -0.35]), rgb=UNKNOWN, text='Gromets', units='height', win=Window(...), wrapWidth=1)
9.6787 	INFO 	keyboard.Keyboard is using ptb backend.
9.6807 	EXP 	Created fix1000 = ShapeStim(__class__=<class 'psychopy.visual.shape.ShapeStim'>, autoDraw=False, autoLog=True, closeShape=True, color=method-wrapper(...), colorSpace='rgb', contrast=None, depth=0.0, fillColor=array([-1, -1, -1]), fillColorSpace='rgb', fillRGB=array([-1, -1, -1]), interpolate=True, lineColor=array([1., 1., 1.]), lineColorSpace='rgb', lineRGB=array([1, 1, 1]), lineWidth=1.0, name='fix1000', opacity=1, ori=0.0, pos=array([0., 0.]), size=array([0.15, 0.15]), units='height', vertices=ndarray(...), win=Window(...), windingRule=None)
9.6854 	EXP 	Created run_break_text = TextStim(__class__=<class 'psychopy.visual.text.TextStim'>, alignHoriz=method-wrapper(...), alignText='center', alignVert=method-wrapper(...), anchorHoriz='center', anchorVert='center', antialias=True, autoLog=True, bold=False, color=array([-1., -1., -1.]), colorSpace='rgb', contrast=1.0, depth=0.0, flipHoriz=False, flipVert=False, font='Open Sans', fontFiles=[], height=0.05, italic=False, languageStyle='LTR', name='run_break_text', opacity=1, ori=0.0, pos=array([0., 0.]), rgb=UNKNOWN, text=str(...), units='height', win=Window(...), wrapWidth=1)
9.7206 	INFO 	keyboard.Keyboard is using ptb backend.
9.7272 	EXP 	Created test_end_text = TextStim(__class__=<class 'psychopy.visual.text.TextStim'>, alignHoriz=method-wrapper(...), alignText='center', alignVert=method-wrapper(...), anchorHoriz='center', anchorVert='center', antialias=True, autoLog=True, bold=False, color=array([-1., -1., -1.]), colorSpace='rgb', contrast=1.0, depth=-1.0, flipHoriz=False, flipVert=False, font='Open Sans', fontFiles=[], height=0.05, italic=False, languageStyle='LTR', name='test_end_text', opacity=1, ori=0.0, pos=array([0., 0.]), rgb=UNKNOWN, text=str(...), units='height', win=Window(...), wrapWidth=1)
9.7618 	INFO 	keyboard.Keyboard is using ptb backend.
9.7773 	EXP 	Created demo_instr1_text = TextStim(__class__=<class 'psychopy.visual.text.TextStim'>, alignHoriz=method-wrapper(...), alignText='center', alignVert=method-wrapper(...), anchorHoriz='center', anchorVert='center', antialias=True, autoLog=True, bold=False, color=array([-1., -1., -1.]), colorSpace='rgb', contrast=1.0, depth=-1.0, flipHoriz=False, flipVert=False, font='Open Sans', fontFiles=[], height=0.05, italic=False, languageStyle='LTR', name='demo_instr1_text', opacity=1, ori=0.0, pos=array([0., 0.]), rgb=UNKNOWN, text=str(...), units='height', win=Window(...), wrapWidth=1)
9.8120 	INFO 	keyboard.Keyboard is using ptb backend.
9.8121 	INFO 	Importing items...
9.8282 	DEBUG 	Read excel file with openpyxl: demo_form.xlsx
9.8292 	EXP 	Imported demo_form.xlsx as conditions, 7 conditions, 6 params
9.8292 	WARNING 	Form form included field no longer used questionText. Replacing with new name 'itemText'
9.8292 	WARNING 	questionWidth is a deprecated heading for Forms. Use itemWidth instead
9.8292 	WARNING 	questionWidth is a deprecated heading for Forms. Use itemWidth instead
9.8293 	WARNING 	questionWidth is a deprecated heading for Forms. Use itemWidth instead
9.8293 	WARNING 	questionWidth is a deprecated heading for Forms. Use itemWidth instead
9.8293 	WARNING 	questionWidth is a deprecated heading for Forms. Use itemWidth instead
9.8293 	WARNING 	questionWidth is a deprecated heading for Forms. Use itemWidth instead
9.8293 	WARNING 	questionWidth is a deprecated heading for Forms. Use itemWidth instead
9.8293 	INFO 	Using default values for the following headers: ['index', 'itemColor', 'ticks', 'tickLabels', 'font', 'responseWidth', 'responseColor', 'markerColor', 'index', 'itemColor', 'ticks', 'tickLabels', 'font', 'responseWidth', 'responseColor', 'markerColor', 'index', 'itemColor', 'ticks', 'tickLabels', 'font', 'responseWidth', 'responseColor', 'markerColor', 'index', 'itemColor', 'ticks', 'tickLabels', 'font', 'responseWidth', 'responseColor', 'markerColor', 'index', 'itemColor', 'ticks', 'tickLabels', 'font', 'responseWidth', 'responseColor', 'markerColor', 'index', 'itemColor', 'ticks', 'tickLabels', 'font', 'responseWidth', 'responseColor', 'markerColor', 'index', 'itemColor', 'ticks', 'tickLabels', 'font', 'responseWidth', 'responseColor', 'markerColor']
9.8303 	INFO 	Setting layout of Form: form.
9.8303 	EXP 	Question text: Are you Hispanic/Latino?
9.8364 	DEBUG 	TextBox2 loaded 1 chars with 0 blanks and 1 valid
9.8373 	DEBUG 	TextBox2 loaded 1 chars with 0 blanks and 1 valid
9.8384 	DEBUG 	TextBox2 loaded 1 chars with 0 blanks and 1 valid
9.8386 	DEBUG 	TextBox2 loaded 1 chars with 0 blanks and 1 valid
9.8389 	DEBUG 	TextBox2 loaded 1 chars with 0 blanks and 1 valid
9.8403 	DEBUG 	TextBox2 loaded 1 chars with 0 blanks and 1 valid
9.8414 	DEBUG 	TextBox2 loaded 1 chars with 0 blanks and 1 valid
9.8424 	DEBUG 	TextBox2 loaded 1 chars with 0 blanks and 1 valid
9.8437 	DEBUG 	TextBox2 loaded 1 chars with 0 blanks and 1 valid
9.8442 	DEBUG 	TextBox2 loaded 1 chars with 0 blanks and 1 valid
9.8451 	DEBUG 	TextBox2 loaded 1 chars with 0 blanks and 1 valid
9.8464 	DEBUG 	TextBox2 loaded 1 chars with 0 blanks and 1 valid
9.8473 	DEBUG 	TextBox2 loaded 1 chars with 0 blanks and 1 valid
9.8483 	DEBUG 	TextBox2 loaded 1 chars with 0 blanks and 1 valid
9.8492 	DEBUG 	TextBox2 loaded 1 chars with 0 blanks and 1 valid
9.8502 	DEBUG 	TextBox2 loaded 1 chars with 0 blanks and 1 valid
9.8512 	DEBUG 	TextBox2 loaded 1 chars with 0 blanks and 1 valid
9.8521 	DEBUG 	TextBox2 loaded 1 chars with 0 blanks and 1 valid
9.8531 	DEBUG 	TextBox2 loaded 1 chars with 0 blanks and 1 valid
9.8532 	DEBUG 	Uploading Texture Font fontname to graphics card
9.8563 	DEBUG 	Upload of Texture Font fontname complete
9.8566 	INFO 	Adding response to Form type: radio, layout: horiz, options: ['yes', 'no', 'prefer not to answer']
9.8639 	INFO 	Mouse: using default window
9.8640 	EXP 	window1: mouseVisible = True
9.8772 	EXP 	Question text: Are you an American Indian or Alaska Native?
9.8814 	DEBUG 	TextBox2 loaded 1 chars with 0 blanks and 1 valid
9.8821 	DEBUG 	TextBox2 loaded 1 chars with 0 blanks and 1 valid
9.8835 	DEBUG 	TextBox2 loaded 1 chars with 0 blanks and 1 valid
9.8842 	DEBUG 	TextBox2 loaded 1 chars with 0 blanks and 1 valid
9.8854 	DEBUG 	TextBox2 loaded 1 chars with 0 blanks and 1 valid
9.8867 	DEBUG 	TextBox2 loaded 1 chars with 0 blanks and 1 valid
9.8878 	DEBUG 	TextBox2 loaded 1 chars with 0 blanks and 1 valid
9.8879 	DEBUG 	Uploading Texture Font fontname to graphics card
9.8901 	DEBUG 	Upload of Texture Font fontname complete
9.8904 	INFO 	Adding response to Form type: radio, layout: horiz, options: ['yes', 'no', 'prefer not to answer']
9.8909 	INFO 	Mouse: using default window
9.8910 	EXP 	window1: mouseVisible = True
9.8977 	EXP 	Question text: Are you Asian?
9.9000 	INFO 	Adding response to Form type: radio, layout: horiz, options: ['yes', 'no', 'prefer not to answer']
9.9005 	INFO 	Mouse: using default window
9.9005 	EXP 	window1: mouseVisible = True
9.9062 	EXP 	Question text: Are you Black or African American?
9.9095 	DEBUG 	TextBox2 loaded 1 chars with 0 blanks and 1 valid
9.9107 	DEBUG 	TextBox2 loaded 1 chars with 0 blanks and 1 valid
9.9109 	DEBUG 	Uploading Texture Font fontname to graphics card
9.9130 	DEBUG 	Upload of Texture Font fontname complete
9.9132 	INFO 	Adding response to Form type: radio, layout: horiz, options: ['yes', 'no', 'prefer not to answer']
9.9137 	INFO 	Mouse: using default window
9.9137 	EXP 	window1: mouseVisible = True
9.9198 	EXP 	Question text: Are you a Native Hawaiian or other Pacific Islander?
9.9235 	DEBUG 	TextBox2 loaded 1 chars with 0 blanks and 1 valid
9.9249 	DEBUG 	TextBox2 loaded 1 chars with 0 blanks and 1 valid
9.9261 	DEBUG 	TextBox2 loaded 1 chars with 0 blanks and 1 valid
9.9264 	DEBUG 	Uploading Texture Font fontname to graphics card
9.9284 	DEBUG 	Upload of Texture Font fontname complete
9.9287 	INFO 	Adding response to Form type: radio, layout: horiz, options: ['yes', 'no', 'prefer not to answer']
9.9291 	INFO 	Mouse: using default window
9.9292 	EXP 	window1: mouseVisible = True
9.9353 	EXP 	Question text: Are you White?
9.9395 	DEBUG 	TextBox2 loaded 1 chars with 0 blanks and 1 valid
9.9396 	DEBUG 	Uploading Texture Font fontname to graphics card
9.9417 	DEBUG 	Upload of Texture Font fontname complete
9.9419 	INFO 	Adding response to Form type: radio, layout: horiz, options: ['yes', 'no', 'prefer not to answer']
9.9424 	INFO 	Mouse: using default window
9.9424 	EXP 	window1: mouseVisible = True
9.9485 	EXP 	Question text: Do you have any history of neurological issues such as stroke, head injury or a neurodegenerative disorder?
9.9522 	DEBUG 	TextBox2 loaded 1 chars with 0 blanks and 1 valid
9.9539 	DEBUG 	TextBox2 loaded 1 chars with 0 blanks and 1 valid
9.9546 	DEBUG 	TextBox2 loaded 1 chars with 0 blanks and 1 valid
9.9556 	DEBUG 	TextBox2 loaded 1 chars with 0 blanks and 1 valid
9.9562 	DEBUG 	Uploading Texture Font fontname to graphics card
9.9582 	DEBUG 	Upload of Texture Font fontname complete
9.9584 	INFO 	Adding response to Form type: radio, layout: horiz, options: ['yes', 'no', 'prefer not to answer']
9.9589 	INFO 	Mouse: using default window
9.9590 	EXP 	window1: mouseVisible = True
9.9658 	INFO 	Mouse: using default window
9.9658 	EXP 	window1: mouseVisible = True
9.9698 	EXP 	Created unnamed Rect = Rect(__class__=<class 'psychopy.visual.rect.Rect'>, autoDraw=False, autoLog=True, closeShape=True, color=method-wrapper(...), colorSpace='rgb', contrast=None, depth=0, fillColor=array([0, 0, 0]), fillColorSpace='rgb', fillRGB=array([0, 0, 0]), interpolate=True, lineColor=array([0., 0., 0.]), lineColorSpace='rgb', lineRGB=array([0, 0, 0]), lineWidth=1.5, name='unnamed Rect', opacity=0, ori=0.0, pos=array([0., 0.]), size=array([0., 0.]), units='height', vertices=ndarray(...), win=Window(...))
9.9770 	INFO 	Layout set for Form: form.
9.9770 	EXP 	Created form = <psychopy.visual.form.Form object at 0x7f8f8daba668>
10.0118 	INFO 	keyboard.Keyboard is using ptb backend.
10.0269 	EXP 	Created form_inst = TextStim(__class__=<class 'psychopy.visual.text.TextStim'>, alignHoriz=method-wrapper(...), alignText='center', alignVert=method-wrapper(...), anchorHoriz='center', anchorVert='center', antialias=True, autoLog=True, bold=False, color=array([-1., -1., -1.]), colorSpace='rgb', contrast=1.0, depth=-3.0, flipHoriz=False, flipVert=False, font='Open Sans', fontFiles=[], height=0.05, italic=False, languageStyle='LTR', name='form_inst', opacity=1, ori=0.0, pos=array([ 0. , -0.4]), rgb=UNKNOWN, text='Press ENTER/RETURN to submit your response', units='height', win=Window(...), wrapWidth=1)
10.0371 	EXP 	Created demo_inst2_text = TextStim(__class__=<class 'psychopy.visual.text.TextStim'>, alignHoriz=method-wrapper(...), alignText='center', alignVert=method-wrapper(...), anchorHoriz='center', anchorVert='center', antialias=True, autoLog=True, bold=False, color=array([-1., -1., -1.]), colorSpace='rgb', contrast=1.0, depth=-1.0, flipHoriz=False, flipVert=False, font='Open Sans', fontFiles=[], height=0.05, italic=False, languageStyle='LTR', name='demo_inst2_text', opacity=1, ori=0.0, pos=array([0., 0.]), rgb=UNKNOWN, text=str(...), units='height', win=Window(...), wrapWidth=1)
10.0718 	INFO 	keyboard.Keyboard is using ptb backend.
10.0750 	EXP 	Created demo2_instr_text = TextStim(__class__=<class 'psychopy.visual.text.TextStim'>, alignHoriz=method-wrapper(...), alignText='center', alignVert=method-wrapper(...), anchorHoriz='center', anchorVert='center', antialias=True, autoLog=True, bold=False, color=array([-1., -1., -1.]), colorSpace='rgb', contrast=1.0, depth=-1.0, flipHoriz=False, flipVert=False, font='Open Sans', fontFiles=[], height=0.05, italic=False, languageStyle='LTR', name='demo2_instr_text', opacity=1, ori=0.0, pos=array([0. , 0.2]), rgb=UNKNOWN, text='What is your gender?', units='height', win=Window(...), wrapWidth=1)
10.0777 	EXP 	Created demo2_submit_text = TextStim(__class__=<class 'psychopy.visual.text.TextStim'>, alignHoriz=method-wrapper(...), alignText='center', alignVert=method-wrapper(...), anchorHoriz='center', anchorVert='center', antialias=True, autoLog=True, bold=False, color=array([-1., -1., -1.]), colorSpace='rgb', contrast=1.0, depth=-2.0, flipHoriz=False, flipVert=False, font='Open Sans', fontFiles=[], height=0.05, italic=False, languageStyle='LTR', name='demo2_submit_text', opacity=1, ori=0.0, pos=array([ 0. , -0.2]), rgb=UNKNOWN, text='Press ENTER/RETURN to submit response.', units='height', win=Window(...), wrapWidth=1)
10.0787 	EXP 	Created gender = TextStim(__class__=<class 'psychopy.visual.text.TextStim'>, alignHoriz=method-wrapper(...), alignText='center', alignVert=method-wrapper(...), anchorHoriz='center', anchorVert='center', antialias=True, autoLog=True, bold=False, color=array([-1., -1., -1.]), colorSpace='rgb', contrast=1.0, depth=-3.0, flipHoriz=False, flipVert=False, font='Open Sans', fontFiles=[], height=0.05, italic=False, languageStyle='LTR', name='gender', opacity=1, ori=0.0, pos=array([0., 0.]), rgb=UNKNOWN, text='', units='height', win=Window(...), wrapWidth=1)
10.0808 	EXP 	Created demo3_instr = TextStim(__class__=<class 'psychopy.visual.text.TextStim'>, alignHoriz=method-wrapper(...), alignText='center', alignVert=method-wrapper(...), anchorHoriz='center', anchorVert='center', antialias=True, autoLog=True, bold=False, color=array([-1., -1., -1.]), colorSpace='rgb', contrast=1.0, depth=-1.0, flipHoriz=False, flipVert=False, font='Open Sans', fontFiles=[], height=0.05, italic=False, languageStyle='LTR', name='demo3_instr', opacity=1, ori=0.0, pos=array([0. , 0.2]), rgb=UNKNOWN, text='What is your age?', units='height', win=Window(...), wrapWidth=1)
10.0834 	EXP 	Created demo3_submit_text = TextStim(__class__=<class 'psychopy.visual.text.TextStim'>, alignHoriz=method-wrapper(...), alignText='center', alignVert=method-wrapper(...), anchorHoriz='center', anchorVert='center', antialias=True, autoLog=True, bold=False, color=array([-1., -1., -1.]), colorSpace='rgb', contrast=1.0, depth=-2.0, flipHoriz=False, flipVert=False, font='Open Sans', fontFiles=[], height=0.05, italic=False, languageStyle='LTR', name='demo3_submit_text', opacity=1, ori=0.0, pos=array([ 0. , -0.2]), rgb=UNKNOWN, text='Press ENTER/RETURN to submit response.', units='height', win=Window(...), wrapWidth=1)
10.0843 	EXP 	Created age = TextStim(__class__=<class 'psychopy.visual.text.TextStim'>, alignHoriz=method-wrapper(...), alignText='center', alignVert=method-wrapper(...), anchorHoriz='center', anchorVert='center', antialias=True, autoLog=True, bold=False, color=array([-1., -1., -1.]), colorSpace='rgb', contrast=1.0, depth=-3.0, flipHoriz=False, flipVert=False, font='Open Sans', fontFiles=[], height=0.05, italic=False, languageStyle='LTR', name='age', opacity=1, ori=0.0, pos=array([0., 0.]), rgb=UNKNOWN, text='', units='height', win=Window(...), wrapWidth=1)
10.0891 	EXP 	Created demo4_text = TextStim(__class__=<class 'psychopy.visual.text.TextStim'>, alignHoriz=method-wrapper(...), alignText='center', alignVert=method-wrapper(...), anchorHoriz='center', anchorVert='center', antialias=True, autoLog=True, bold=False, color=array([-1., -1., -1.]), colorSpace='rgb', contrast=1.0, depth=-1.0, flipHoriz=False, flipVert=False, font='Open Sans', fontFiles=[], height=0.05, italic=False, languageStyle='LTR', name='demo4_text', opacity=1, ori=0.0, pos=array([0., 0.]), rgb=UNKNOWN, text=str(...), units='height', win=Window(...), wrapWidth=1)
10.1234 	INFO 	keyboard.Keyboard is using ptb backend.
10.1291 	EXP 	Created dem05_text = TextStim(__class__=<class 'psychopy.visual.text.TextStim'>, alignHoriz=method-wrapper(...), alignText='center', alignVert=method-wrapper(...), anchorHoriz='center', anchorVert='center', antialias=True, autoLog=True, bold=False, color=array([-1., -1., -1.]), colorSpace='rgb', contrast=1.0, depth=-1.0, flipHoriz=False, flipVert=False, font='Open Sans', fontFiles=[], height=0.05, italic=False, languageStyle='LTR', name='dem05_text', opacity=1, ori=0.0, pos=array([0. , 0.2]), rgb=UNKNOWN, text=str(...), units='height', win=Window(...), wrapWidth=1)
10.1318 	EXP 	Created demo5_submit_text = TextStim(__class__=<class 'psychopy.visual.text.TextStim'>, alignHoriz=method-wrapper(...), alignText='center', alignVert=method-wrapper(...), anchorHoriz='center', anchorVert='center', antialias=True, autoLog=True, bold=False, color=array([-1., -1., -1.]), colorSpace='rgb', contrast=1.0, depth=-2.0, flipHoriz=False, flipVert=False, font='Open Sans', fontFiles=[], height=0.05, italic=False, languageStyle='LTR', name='demo5_submit_text', opacity=1, ori=0.0, pos=array([ 0. , -0.2]), rgb=UNKNOWN, text='Press ENTER/RETURN to submit response.', units='height', win=Window(...), wrapWidth=1)
10.1326 	EXP 	Created language = TextStim(__class__=<class 'psychopy.visual.text.TextStim'>, alignHoriz=method-wrapper(...), alignText='center', alignVert=method-wrapper(...), anchorHoriz='center', anchorVert='center', antialias=True, autoLog=True, bold=False, color=array([-1., -1., -1.]), colorSpace='rgb', contrast=1.0, depth=-3.0, flipHoriz=False, flipVert=False, font='Open Sans', fontFiles=[], height=0.05, italic=False, languageStyle='LTR', name='language', opacity=1, ori=0.0, pos=array([0., 0.]), rgb=UNKNOWN, text='', units='height', win=Window(...), wrapWidth=1)
10.1402 	EXP 	Created end_text = TextStim(__class__=<class 'psychopy.visual.text.TextStim'>, alignHoriz=method-wrapper(...), alignText='center', alignVert=method-wrapper(...), anchorHoriz='center', anchorVert='center', antialias=True, autoLog=True, bold=False, color=array([-1., -1., -1.]), colorSpace='rgb', contrast=1.0, depth=0.0, flipHoriz=False, flipVert=False, font='Open Sans', fontFiles=[], height=0.05, italic=False, languageStyle='LTR', name='end_text', opacity=1, ori=0.0, pos=array([0., 0.]), rgb=UNKNOWN, text=str(...), units='height', win=Window(...), wrapWidth=1)
10.1549 	EXP 	unnamed Form: autoLog = True
10.1549 	EXP 	form: name = 'form'
10.1549 	EXP 	form: size = (1, 0.7)
10.1549 	EXP 	form: size = array([1. , 0.7])
10.1549 	EXP 	form: units = 'height'
10.1549 	EXP 	form: depth = 0
10.1549 	EXP 	welcome_text: autoDraw = True
10.9030 	DATA 	Keypress: escape
11.0244 	EXP 	window1: mouseVisible = True
11.0246 	DEBUG 	Saving data for joplin1 ExperimentHandler
11.0520 	INFO 	saved data to /Volumes/shares/Cabi/exp/joplin/joplin1/data/922929291_001_joplin1.psydat
11.0814 	INFO 	saved data to '/Volumes/shares/Cabi/exp/joplin/joplin1/data/922929291_001_joplin1.csv'
