0.5900 	WARNING 	We strongly recommend you activate the PTB sound engine in PsychoPy prefs as the preferred audio engine. Its timing is vastly superior. Your prefs are currently set to use ['sounddevice', 'PTB', 'pyo', 'pygame'] (in that order).
6.2503 	INFO 	Loaded monitor calibration from ['2021_09_02 11:12']
6.8159 	EXP 	Created window1 = Window(allowGUI=False, allowStencil=False, autoLog=True, backendConf=UNKNOWN, bitsMode=UNKNOWN, blendMode='avg', bpc=(8, 8, 8), color=array([1, 1, 1]), colorSpace='rgb', depthBits=8, fullscr=<method-wrapper '__getattribute__' of attributeSetter object at 0x7f8ac487a400>, gamma=None, gammaErrorPolicy='raise', lms=UNKNOWN, monitor=<psychopy.monitors.calibTools.Monitor object at 0x7f8ac50dd080>, multiSample=False, name='window1', numSamples=2, pos=[560.0, 315.0], screen=0, size=array([4480, 2520]), stencilBits=0, stereo=False, units='height', useFBO=True, useRetina=True, viewOri=0.0, viewPos=None, viewScale=None, waitBlanking=True, winType='pyglet')
6.8161 	EXP 	window1: mouseVisible = True
6.8162 	EXP 	window1: recordFrameIntervals = False
6.9814 	EXP 	window1: recordFrameIntervals = True
7.1649 	DEBUG 	Screen (0) actual frame rate measured at 60.37
7.1650 	EXP 	window1: recordFrameIntervals = False
7.4795 	INFO 	keyboard.Keyboard is using ptb backend.
7.5510 	EXP 	[0 0 0 0 0 0 0 0 0 0]
7.6076 	EXP 	Created welcome_text = TextStim(__class__=<class 'psychopy.visual.text.TextStim'>, alignHoriz=method-wrapper(...), alignText='center', alignVert=method-wrapper(...), anchorHoriz='center', anchorVert='center', antialias=True, autoLog=True, bold=False, color=array([-1., -1., -1.]), colorSpace='rgb', contrast=1.0, depth=-3.0, flipHoriz=False, flipVert=False, font='Open Sans', fontFiles=[], height=0.05, italic=False, languageStyle='LTR', name='welcome_text', opacity=1, ori=0.0, pos=array([0., 0.]), rgb=UNKNOWN, text=str(...), units='height', win=Window(...), wrapWidth=1)
7.6459 	INFO 	keyboard.Keyboard is using ptb backend.
7.6579 	EXP 	Created train_inst1_text = TextStim(__class__=<class 'psychopy.visual.text.TextStim'>, alignHoriz=method-wrapper(...), alignText='center', alignVert=method-wrapper(...), anchorHoriz='center', anchorVert='center', antialias=True, autoLog=True, bold=False, color=array([-1., -1., -1.]), colorSpace='rgb', contrast=1.0, depth=-1.0, flipHoriz=False, flipVert=False, font='Open Sans', fontFiles=[], height=0.05, italic=False, languageStyle='LTR', name='train_inst1_text', opacity=1, ori=0.0, pos=array([0., 0.]), rgb=UNKNOWN, text=str(...), units='height', win=Window(...), wrapWidth=1)
7.6921 	INFO 	keyboard.Keyboard is using ptb backend.
7.7007 	EXP 	Created train_inst2_text = TextStim(__class__=<class 'psychopy.visual.text.TextStim'>, alignHoriz=method-wrapper(...), alignText='center', alignVert=method-wrapper(...), anchorHoriz='center', anchorVert='center', antialias=True, autoLog=True, bold=False, color=array([-1., -1., -1.]), colorSpace='rgb', contrast=1.0, depth=0.0, flipHoriz=False, flipVert=False, font='Open Sans', fontFiles=[], height=0.05, italic=False, languageStyle='LTR', name='train_inst2_text', opacity=1, ori=0.0, pos=array([0., 0.]), rgb=UNKNOWN, text=str(...), units='height', win=Window(...), wrapWidth=1)
7.7349 	INFO 	keyboard.Keyboard is using ptb backend.
7.7958 	EXP 	Created train_begin_text = TextStim(__class__=<class 'psychopy.visual.text.TextStim'>, alignHoriz=method-wrapper(...), alignText='center', alignVert=method-wrapper(...), anchorHoriz='center', anchorVert='center', antialias=True, autoLog=True, bold=False, color=array([-1., -1., -1.]), colorSpace='rgb', contrast=1.0, depth=-1.0, flipHoriz=False, flipVert=False, font='Open Sans', fontFiles=[], height=0.05, italic=False, languageStyle='LTR', name='train_begin_text', opacity=1, ori=0.0, pos=array([0., 0.]), rgb=UNKNOWN, text='Press SPACE to start the training phase. ', units='height', win=Window(...), wrapWidth=1)
7.8355 	INFO 	keyboard.Keyboard is using ptb backend.
7.8381 	EXP 	Created train_image = ImageStim(__class__=<class 'psychopy.visual.image.ImageStim'>, autoLog=True, color=array([1., 1., 1.]), colorSpace='rgb', contrast=1.0, depth=-1.0, flipHoriz=False, flipVert=False, image='sin', interpolate=False, mask=None, maskParams=None, name='train_image', opacity=1, ori=0.0, pos=array([0. , 0.1]), size=array([0.55, 0.55]), texRes=128.0, units='height', win=Window(...))
7.8420 	EXP 	Created catA_train = TextStim(__class__=<class 'psychopy.visual.text.TextStim'>, alignHoriz=method-wrapper(...), alignText='center', alignVert=method-wrapper(...), anchorHoriz='center', anchorVert='center', antialias=True, autoLog=True, bold=False, color=array([-1., -1., -1.]), colorSpace='rgb', contrast=1.0, depth=-2.0, flipHoriz=False, flipVert=False, font='Open Sans', fontFiles=[], height=0.075, italic=False, languageStyle='LTR', name='catA_train', opacity=1, ori=0.0, pos=array([-0.4 , -0.35]), rgb=UNKNOWN, text='Wallaces', units='height', win=Window(...), wrapWidth=1)
7.8459 	EXP 	Created catB_train = TextStim(__class__=<class 'psychopy.visual.text.TextStim'>, alignHoriz=method-wrapper(...), alignText='center', alignVert=method-wrapper(...), anchorHoriz='center', anchorVert='center', antialias=True, autoLog=True, bold=False, color=array([-1., -1., -1.]), colorSpace='rgb', contrast=1.0, depth=-3.0, flipHoriz=False, flipVert=False, font='Open Sans', fontFiles=[], height=0.075, italic=False, languageStyle='LTR', name='catB_train', opacity=1, ori=0.0, pos=array([ 0.4 , -0.35]), rgb=UNKNOWN, text='Gromets', units='height', win=Window(...), wrapWidth=1)
7.8806 	INFO 	keyboard.Keyboard is using ptb backend.
7.8815 	EXP 	Created feedback_text = TextStim(__class__=<class 'psychopy.visual.text.TextStim'>, alignHoriz=method-wrapper(...), alignText='center', alignVert=method-wrapper(...), anchorHoriz='center', anchorVert='center', antialias=True, autoLog=True, bold=False, color=array([-1., -1., -1.]), colorSpace='rgb', contrast=1.0, depth=-1.0, flipHoriz=False, flipVert=False, font='Open Sans', fontFiles=[], height=0.05, italic=False, languageStyle='LTR', name='feedback_text', opacity=1, ori=0.0, pos=array([0., 0.]), rgb=UNKNOWN, text='', units='height', win=Window(...), wrapWidth=1)
7.8842 	EXP 	Created fix1000 = ShapeStim(__class__=<class 'psychopy.visual.shape.ShapeStim'>, autoDraw=False, autoLog=True, closeShape=True, color=method-wrapper(...), colorSpace='rgb', contrast=None, depth=0.0, fillColor=array([-1, -1, -1]), fillColorSpace='rgb', fillRGB=array([-1, -1, -1]), interpolate=True, lineColor=array([1., 1., 1.]), lineColorSpace='rgb', lineRGB=array([1, 1, 1]), lineWidth=1.0, name='fix1000', opacity=1, ori=0.0, pos=array([0., 0.]), size=array([0.15, 0.15]), units='height', vertices=ndarray(...), win=Window(...), windingRule=None)
7.8890 	EXP 	Created run_break_text = TextStim(__class__=<class 'psychopy.visual.text.TextStim'>, alignHoriz=method-wrapper(...), alignText='center', alignVert=method-wrapper(...), anchorHoriz='center', anchorVert='center', antialias=True, autoLog=True, bold=False, color=array([-1., -1., -1.]), colorSpace='rgb', contrast=1.0, depth=0.0, flipHoriz=False, flipVert=False, font='Open Sans', fontFiles=[], height=0.05, italic=False, languageStyle='LTR', name='run_break_text', opacity=1, ori=0.0, pos=array([0., 0.]), rgb=UNKNOWN, text=str(...), units='height', win=Window(...), wrapWidth=1)
7.9232 	INFO 	keyboard.Keyboard is using ptb backend.
7.9294 	EXP 	Created train_end_text = TextStim(__class__=<class 'psychopy.visual.text.TextStim'>, alignHoriz=method-wrapper(...), alignText='center', alignVert=method-wrapper(...), anchorHoriz='center', anchorVert='center', antialias=True, autoLog=True, bold=False, color=array([-1., -1., -1.]), colorSpace='rgb', contrast=1.0, depth=0.0, flipHoriz=False, flipVert=False, font='Open Sans', fontFiles=[], height=0.05, italic=False, languageStyle='LTR', name='train_end_text', opacity=1, ori=0.0, pos=array([0., 0.]), rgb=UNKNOWN, text=str(...), units='height', win=Window(...), wrapWidth=1)
7.9637 	INFO 	keyboard.Keyboard is using ptb backend.
7.9727 	EXP 	Created test_inst1_text = TextStim(__class__=<class 'psychopy.visual.text.TextStim'>, alignHoriz=method-wrapper(...), alignText='center', alignVert=method-wrapper(...), anchorHoriz='center', anchorVert='center', antialias=True, autoLog=True, bold=False, color=array([-1., -1., -1.]), colorSpace='rgb', contrast=1.0, depth=-1.0, flipHoriz=False, flipVert=False, font='Open Sans', fontFiles=[], height=0.05, italic=False, languageStyle='LTR', name='test_inst1_text', opacity=1, ori=0.0, pos=array([0., 0.]), rgb=UNKNOWN, text=str(...), units='height', win=Window(...), wrapWidth=1)
8.0069 	INFO 	keyboard.Keyboard is using ptb backend.
8.0152 	EXP 	Created test_inst2_text = TextStim(__class__=<class 'psychopy.visual.text.TextStim'>, alignHoriz=method-wrapper(...), alignText='center', alignVert=method-wrapper(...), anchorHoriz='center', anchorVert='center', antialias=True, autoLog=True, bold=False, color=array([-1., -1., -1.]), colorSpace='rgb', contrast=1.0, depth=0.0, flipHoriz=False, flipVert=False, font='Open Sans', fontFiles=[], height=0.05, italic=False, languageStyle='LTR', name='test_inst2_text', opacity=1, ori=0.0, pos=array([0., 0.]), rgb=UNKNOWN, text=str(...), units='height', win=Window(...), wrapWidth=1)
8.0494 	INFO 	keyboard.Keyboard is using ptb backend.
9.0201 	EXP 	Created test_begin_text = TextStim(__class__=<class 'psychopy.visual.text.TextStim'>, alignHoriz=method-wrapper(...), alignText='center', alignVert=method-wrapper(...), anchorHoriz='center', anchorVert='center', antialias=True, autoLog=True, bold=False, color=array([-1., -1., -1.]), colorSpace='rgb', contrast=1.0, depth=-1.0, flipHoriz=False, flipVert=False, font='Open Sans', fontFiles=[], height=0.05, italic=False, languageStyle='LTR', name='test_begin_text', opacity=1, ori=0.0, pos=array([0., 0.]), rgb=UNKNOWN, text='Press SPACE to start the testing phase. ', units='height', win=Window(...), wrapWidth=1)
9.0611 	INFO 	keyboard.Keyboard is using ptb backend.
9.0634 	EXP 	Created test_image = ImageStim(__class__=<class 'psychopy.visual.image.ImageStim'>, autoLog=True, color=array([1., 1., 1.]), colorSpace='rgb', contrast=1.0, depth=-1.0, flipHoriz=False, flipVert=False, image='sin', interpolate=False, mask=None, maskParams=None, name='test_image', opacity=1, ori=0.0, pos=array([0. , 0.1]), size=array([0.55, 0.55]), texRes=128.0, units='height', win=Window(...))
9.0654 	EXP 	Created catA_test = TextStim(__class__=<class 'psychopy.visual.text.TextStim'>, alignHoriz=method-wrapper(...), alignText='center', alignVert=method-wrapper(...), anchorHoriz='center', anchorVert='center', antialias=True, autoLog=True, bold=False, color=array([-1., -1., -1.]), colorSpace='rgb', contrast=1.0, depth=-2.0, flipHoriz=False, flipVert=False, font='Open Sans', fontFiles=[], height=0.075, italic=False, languageStyle='LTR', name='catA_test', opacity=1, ori=0.0, pos=array([-0.4 , -0.35]), rgb=UNKNOWN, text='Wallaces', units='height', win=Window(...), wrapWidth=1)
9.0672 	EXP 	Created catB_test = TextStim(__class__=<class 'psychopy.visual.text.TextStim'>, alignHoriz=method-wrapper(...), alignText='center', alignVert=method-wrapper(...), anchorHoriz='center', anchorVert='center', antialias=True, autoLog=True, bold=False, color=array([-1., -1., -1.]), colorSpace='rgb', contrast=1.0, depth=-3.0, flipHoriz=False, flipVert=False, font='Open Sans', fontFiles=[], height=0.075, italic=False, languageStyle='LTR', name='catB_test', opacity=1, ori=0.0, pos=array([ 0.4 , -0.35]), rgb=UNKNOWN, text='Gromets', units='height', win=Window(...), wrapWidth=1)
9.1014 	INFO 	keyboard.Keyboard is using ptb backend.
9.1032 	EXP 	Created fix1000 = ShapeStim(__class__=<class 'psychopy.visual.shape.ShapeStim'>, autoDraw=False, autoLog=True, closeShape=True, color=method-wrapper(...), colorSpace='rgb', contrast=None, depth=0.0, fillColor=array([-1, -1, -1]), fillColorSpace='rgb', fillRGB=array([-1, -1, -1]), interpolate=True, lineColor=array([1., 1., 1.]), lineColorSpace='rgb', lineRGB=array([1, 1, 1]), lineWidth=1.0, name='fix1000', opacity=1, ori=0.0, pos=array([0., 0.]), size=array([0.15, 0.15]), units='height', vertices=ndarray(...), win=Window(...), windingRule=None)
9.1077 	EXP 	Created run_break_text = TextStim(__class__=<class 'psychopy.visual.text.TextStim'>, alignHoriz=method-wrapper(...), alignText='center', alignVert=method-wrapper(...), anchorHoriz='center', anchorVert='center', antialias=True, autoLog=True, bold=False, color=array([-1., -1., -1.]), colorSpace='rgb', contrast=1.0, depth=0.0, flipHoriz=False, flipVert=False, font='Open Sans', fontFiles=[], height=0.05, italic=False, languageStyle='LTR', name='run_break_text', opacity=1, ori=0.0, pos=array([0., 0.]), rgb=UNKNOWN, text=str(...), units='height', win=Window(...), wrapWidth=1)
9.1418 	INFO 	keyboard.Keyboard is using ptb backend.
9.1479 	EXP 	Created test_end_text = TextStim(__class__=<class 'psychopy.visual.text.TextStim'>, alignHoriz=method-wrapper(...), alignText='center', alignVert=method-wrapper(...), anchorHoriz='center', anchorVert='center', antialias=True, autoLog=True, bold=False, color=array([-1., -1., -1.]), colorSpace='rgb', contrast=1.0, depth=-1.0, flipHoriz=False, flipVert=False, font='Open Sans', fontFiles=[], height=0.05, italic=False, languageStyle='LTR', name='test_end_text', opacity=1, ori=0.0, pos=array([0., 0.]), rgb=UNKNOWN, text=str(...), units='height', win=Window(...), wrapWidth=1)
9.1820 	INFO 	keyboard.Keyboard is using ptb backend.
9.1969 	EXP 	Created demo_instr1_text = TextStim(__class__=<class 'psychopy.visual.text.TextStim'>, alignHoriz=method-wrapper(...), alignText='center', alignVert=method-wrapper(...), anchorHoriz='center', anchorVert='center', antialias=True, autoLog=True, bold=False, color=array([-1., -1., -1.]), colorSpace='rgb', contrast=1.0, depth=-1.0, flipHoriz=False, flipVert=False, font='Open Sans', fontFiles=[], height=0.05, italic=False, languageStyle='LTR', name='demo_instr1_text', opacity=1, ori=0.0, pos=array([0., 0.]), rgb=UNKNOWN, text=str(...), units='height', win=Window(...), wrapWidth=1)
9.2315 	INFO 	keyboard.Keyboard is using ptb backend.
9.2316 	INFO 	Importing items...
9.2708 	DEBUG 	Read excel file with openpyxl: demo_form.xlsx
9.2721 	EXP 	Imported demo_form.xlsx as conditions, 7 conditions, 6 params
9.2721 	WARNING 	Form form included field no longer used questionText. Replacing with new name 'itemText'
9.2721 	WARNING 	questionWidth is a deprecated heading for Forms. Use itemWidth instead
9.2721 	WARNING 	questionWidth is a deprecated heading for Forms. Use itemWidth instead
9.2721 	WARNING 	questionWidth is a deprecated heading for Forms. Use itemWidth instead
9.2721 	WARNING 	questionWidth is a deprecated heading for Forms. Use itemWidth instead
9.2722 	WARNING 	questionWidth is a deprecated heading for Forms. Use itemWidth instead
9.2722 	WARNING 	questionWidth is a deprecated heading for Forms. Use itemWidth instead
9.2722 	WARNING 	questionWidth is a deprecated heading for Forms. Use itemWidth instead
9.2722 	INFO 	Using default values for the following headers: ['index', 'itemColor', 'ticks', 'tickLabels', 'font', 'responseWidth', 'responseColor', 'markerColor', 'index', 'itemColor', 'ticks', 'tickLabels', 'font', 'responseWidth', 'responseColor', 'markerColor', 'index', 'itemColor', 'ticks', 'tickLabels', 'font', 'responseWidth', 'responseColor', 'markerColor', 'index', 'itemColor', 'ticks', 'tickLabels', 'font', 'responseWidth', 'responseColor', 'markerColor', 'index', 'itemColor', 'ticks', 'tickLabels', 'font', 'responseWidth', 'responseColor', 'markerColor', 'index', 'itemColor', 'ticks', 'tickLabels', 'font', 'responseWidth', 'responseColor', 'markerColor', 'index', 'itemColor', 'ticks', 'tickLabels', 'font', 'responseWidth', 'responseColor', 'markerColor']
9.2734 	INFO 	Setting layout of Form: form.
9.2735 	EXP 	Question text: Are you Hispanic/Latino?
9.2799 	DEBUG 	TextBox2 loaded 1 chars with 0 blanks and 1 valid
9.2809 	DEBUG 	TextBox2 loaded 1 chars with 0 blanks and 1 valid
9.2822 	DEBUG 	TextBox2 loaded 1 chars with 0 blanks and 1 valid
9.2825 	DEBUG 	TextBox2 loaded 1 chars with 0 blanks and 1 valid
9.2828 	DEBUG 	TextBox2 loaded 1 chars with 0 blanks and 1 valid
9.2846 	DEBUG 	TextBox2 loaded 1 chars with 0 blanks and 1 valid
9.2858 	DEBUG 	TextBox2 loaded 1 chars with 0 blanks and 1 valid
9.2870 	DEBUG 	TextBox2 loaded 1 chars with 0 blanks and 1 valid
9.2886 	DEBUG 	TextBox2 loaded 1 chars with 0 blanks and 1 valid
9.2891 	DEBUG 	TextBox2 loaded 1 chars with 0 blanks and 1 valid
9.2901 	DEBUG 	TextBox2 loaded 1 chars with 0 blanks and 1 valid
9.2916 	DEBUG 	TextBox2 loaded 1 chars with 0 blanks and 1 valid
9.2927 	DEBUG 	TextBox2 loaded 1 chars with 0 blanks and 1 valid
9.2938 	DEBUG 	TextBox2 loaded 1 chars with 0 blanks and 1 valid
9.2948 	DEBUG 	TextBox2 loaded 1 chars with 0 blanks and 1 valid
9.2958 	DEBUG 	TextBox2 loaded 1 chars with 0 blanks and 1 valid
9.2970 	DEBUG 	TextBox2 loaded 1 chars with 0 blanks and 1 valid
9.2979 	DEBUG 	TextBox2 loaded 1 chars with 0 blanks and 1 valid
9.2991 	DEBUG 	TextBox2 loaded 1 chars with 0 blanks and 1 valid
9.2991 	DEBUG 	Uploading Texture Font fontname to graphics card
9.3027 	DEBUG 	Upload of Texture Font fontname complete
9.3030 	INFO 	Adding response to Form type: radio, layout: horiz, options: ['yes', 'no', 'prefer not to answer']
9.3110 	INFO 	Mouse: using default window
9.3111 	EXP 	window1: mouseVisible = True
9.3241 	EXP 	Question text: Are you an American Indian or Alaska Native?
9.3279 	DEBUG 	TextBox2 loaded 1 chars with 0 blanks and 1 valid
9.3285 	DEBUG 	TextBox2 loaded 1 chars with 0 blanks and 1 valid
9.3298 	DEBUG 	TextBox2 loaded 1 chars with 0 blanks and 1 valid
9.3304 	DEBUG 	TextBox2 loaded 1 chars with 0 blanks and 1 valid
9.3316 	DEBUG 	TextBox2 loaded 1 chars with 0 blanks and 1 valid
9.3330 	DEBUG 	TextBox2 loaded 1 chars with 0 blanks and 1 valid
9.3340 	DEBUG 	TextBox2 loaded 1 chars with 0 blanks and 1 valid
9.3341 	DEBUG 	Uploading Texture Font fontname to graphics card
9.3364 	DEBUG 	Upload of Texture Font fontname complete
9.3366 	INFO 	Adding response to Form type: radio, layout: horiz, options: ['yes', 'no', 'prefer not to answer']
9.3371 	INFO 	Mouse: using default window
9.3372 	EXP 	window1: mouseVisible = True
9.3433 	EXP 	Question text: Are you Asian?
9.3464 	INFO 	Adding response to Form type: radio, layout: horiz, options: ['yes', 'no', 'prefer not to answer']
9.3468 	INFO 	Mouse: using default window
9.3469 	EXP 	window1: mouseVisible = True
9.3527 	EXP 	Question text: Are you Black or African American?
9.3560 	DEBUG 	TextBox2 loaded 1 chars with 0 blanks and 1 valid
9.3572 	DEBUG 	TextBox2 loaded 1 chars with 0 blanks and 1 valid
9.3574 	DEBUG 	Uploading Texture Font fontname to graphics card
9.3595 	DEBUG 	Upload of Texture Font fontname complete
9.3597 	INFO 	Adding response to Form type: radio, layout: horiz, options: ['yes', 'no', 'prefer not to answer']
9.3602 	INFO 	Mouse: using default window
9.3602 	EXP 	window1: mouseVisible = True
9.3665 	EXP 	Question text: Are you a Native Hawaiian or other Pacific Islander?
9.3703 	DEBUG 	TextBox2 loaded 1 chars with 0 blanks and 1 valid
9.3717 	DEBUG 	TextBox2 loaded 1 chars with 0 blanks and 1 valid
9.3729 	DEBUG 	TextBox2 loaded 1 chars with 0 blanks and 1 valid
9.3731 	DEBUG 	Uploading Texture Font fontname to graphics card
9.3752 	DEBUG 	Upload of Texture Font fontname complete
9.3754 	INFO 	Adding response to Form type: radio, layout: horiz, options: ['yes', 'no', 'prefer not to answer']
9.3759 	INFO 	Mouse: using default window
9.3760 	EXP 	window1: mouseVisible = True
9.3821 	EXP 	Question text: Are you White?
9.3863 	DEBUG 	TextBox2 loaded 1 chars with 0 blanks and 1 valid
9.3864 	DEBUG 	Uploading Texture Font fontname to graphics card
9.3884 	DEBUG 	Upload of Texture Font fontname complete
9.3886 	INFO 	Adding response to Form type: radio, layout: horiz, options: ['yes', 'no', 'prefer not to answer']
9.3891 	INFO 	Mouse: using default window
9.3892 	EXP 	window1: mouseVisible = True
9.3952 	EXP 	Question text: Do you have any history of neurological issues such as stroke, head injury or a neurodegenerative disorder?
9.3988 	DEBUG 	TextBox2 loaded 1 chars with 0 blanks and 1 valid
9.4005 	DEBUG 	TextBox2 loaded 1 chars with 0 blanks and 1 valid
9.4012 	DEBUG 	TextBox2 loaded 1 chars with 0 blanks and 1 valid
9.4022 	DEBUG 	TextBox2 loaded 1 chars with 0 blanks and 1 valid
9.4027 	DEBUG 	Uploading Texture Font fontname to graphics card
9.4047 	DEBUG 	Upload of Texture Font fontname complete
9.4050 	INFO 	Adding response to Form type: radio, layout: horiz, options: ['yes', 'no', 'prefer not to answer']
9.4055 	INFO 	Mouse: using default window
9.4055 	EXP 	window1: mouseVisible = True
9.4122 	INFO 	Mouse: using default window
9.4122 	EXP 	window1: mouseVisible = True
9.4160 	EXP 	Created unnamed Rect = Rect(__class__=<class 'psychopy.visual.rect.Rect'>, autoDraw=False, autoLog=True, closeShape=True, color=method-wrapper(...), colorSpace='rgb', contrast=None, depth=0, fillColor=array([0, 0, 0]), fillColorSpace='rgb', fillRGB=array([0, 0, 0]), interpolate=True, lineColor=array([0., 0., 0.]), lineColorSpace='rgb', lineRGB=array([0, 0, 0]), lineWidth=1.5, name='unnamed Rect', opacity=0, ori=0.0, pos=array([0., 0.]), size=array([0., 0.]), units='height', vertices=ndarray(...), win=Window(...))
9.4225 	INFO 	Layout set for Form: form.
9.4225 	EXP 	Created form = <psychopy.visual.form.Form object at 0x7f8ac3442b70>
9.4572 	INFO 	keyboard.Keyboard is using ptb backend.
9.4722 	EXP 	Created form_inst = TextStim(__class__=<class 'psychopy.visual.text.TextStim'>, alignHoriz=method-wrapper(...), alignText='center', alignVert=method-wrapper(...), anchorHoriz='center', anchorVert='center', antialias=True, autoLog=True, bold=False, color=array([-1., -1., -1.]), colorSpace='rgb', contrast=1.0, depth=-3.0, flipHoriz=False, flipVert=False, font='Open Sans', fontFiles=[], height=0.05, italic=False, languageStyle='LTR', name='form_inst', opacity=1, ori=0.0, pos=array([ 0. , -0.4]), rgb=UNKNOWN, text='Press ENTER/RETURN to submit your response', units='height', win=Window(...), wrapWidth=1)
9.4824 	EXP 	Created demo_inst2_text = TextStim(__class__=<class 'psychopy.visual.text.TextStim'>, alignHoriz=method-wrapper(...), alignText='center', alignVert=method-wrapper(...), anchorHoriz='center', anchorVert='center', antialias=True, autoLog=True, bold=False, color=array([-1., -1., -1.]), colorSpace='rgb', contrast=1.0, depth=-1.0, flipHoriz=False, flipVert=False, font='Open Sans', fontFiles=[], height=0.05, italic=False, languageStyle='LTR', name='demo_inst2_text', opacity=1, ori=0.0, pos=array([0., 0.]), rgb=UNKNOWN, text=str(...), units='height', win=Window(...), wrapWidth=1)
9.5166 	INFO 	keyboard.Keyboard is using ptb backend.
9.5198 	EXP 	Created demo2_instr_text = TextStim(__class__=<class 'psychopy.visual.text.TextStim'>, alignHoriz=method-wrapper(...), alignText='center', alignVert=method-wrapper(...), anchorHoriz='center', anchorVert='center', antialias=True, autoLog=True, bold=False, color=array([-1., -1., -1.]), colorSpace='rgb', contrast=1.0, depth=-1.0, flipHoriz=False, flipVert=False, font='Open Sans', fontFiles=[], height=0.05, italic=False, languageStyle='LTR', name='demo2_instr_text', opacity=1, ori=0.0, pos=array([0. , 0.2]), rgb=UNKNOWN, text='What is your gender?', units='height', win=Window(...), wrapWidth=1)
9.5225 	EXP 	Created demo2_submit_text = TextStim(__class__=<class 'psychopy.visual.text.TextStim'>, alignHoriz=method-wrapper(...), alignText='center', alignVert=method-wrapper(...), anchorHoriz='center', anchorVert='center', antialias=True, autoLog=True, bold=False, color=array([-1., -1., -1.]), colorSpace='rgb', contrast=1.0, depth=-2.0, flipHoriz=False, flipVert=False, font='Open Sans', fontFiles=[], height=0.05, italic=False, languageStyle='LTR', name='demo2_submit_text', opacity=1, ori=0.0, pos=array([ 0. , -0.2]), rgb=UNKNOWN, text='Press ENTER/RETURN to submit response.', units='height', win=Window(...), wrapWidth=1)
9.5234 	EXP 	Created gender = TextStim(__class__=<class 'psychopy.visual.text.TextStim'>, alignHoriz=method-wrapper(...), alignText='center', alignVert=method-wrapper(...), anchorHoriz='center', anchorVert='center', antialias=True, autoLog=True, bold=False, color=array([-1., -1., -1.]), colorSpace='rgb', contrast=1.0, depth=-3.0, flipHoriz=False, flipVert=False, font='Open Sans', fontFiles=[], height=0.05, italic=False, languageStyle='LTR', name='gender', opacity=1, ori=0.0, pos=array([0., 0.]), rgb=UNKNOWN, text='', units='height', win=Window(...), wrapWidth=1)
9.5256 	EXP 	Created demo3_instr = TextStim(__class__=<class 'psychopy.visual.text.TextStim'>, alignHoriz=method-wrapper(...), alignText='center', alignVert=method-wrapper(...), anchorHoriz='center', anchorVert='center', antialias=True, autoLog=True, bold=False, color=array([-1., -1., -1.]), colorSpace='rgb', contrast=1.0, depth=-1.0, flipHoriz=False, flipVert=False, font='Open Sans', fontFiles=[], height=0.05, italic=False, languageStyle='LTR', name='demo3_instr', opacity=1, ori=0.0, pos=array([0. , 0.2]), rgb=UNKNOWN, text='What is your age?', units='height', win=Window(...), wrapWidth=1)
9.5282 	EXP 	Created demo3_submit_text = TextStim(__class__=<class 'psychopy.visual.text.TextStim'>, alignHoriz=method-wrapper(...), alignText='center', alignVert=method-wrapper(...), anchorHoriz='center', anchorVert='center', antialias=True, autoLog=True, bold=False, color=array([-1., -1., -1.]), colorSpace='rgb', contrast=1.0, depth=-2.0, flipHoriz=False, flipVert=False, font='Open Sans', fontFiles=[], height=0.05, italic=False, languageStyle='LTR', name='demo3_submit_text', opacity=1, ori=0.0, pos=array([ 0. , -0.2]), rgb=UNKNOWN, text='Press ENTER/RETURN to submit response.', units='height', win=Window(...), wrapWidth=1)
9.5291 	EXP 	Created age = TextStim(__class__=<class 'psychopy.visual.text.TextStim'>, alignHoriz=method-wrapper(...), alignText='center', alignVert=method-wrapper(...), anchorHoriz='center', anchorVert='center', antialias=True, autoLog=True, bold=False, color=array([-1., -1., -1.]), colorSpace='rgb', contrast=1.0, depth=-3.0, flipHoriz=False, flipVert=False, font='Open Sans', fontFiles=[], height=0.05, italic=False, languageStyle='LTR', name='age', opacity=1, ori=0.0, pos=array([0., 0.]), rgb=UNKNOWN, text='', units='height', win=Window(...), wrapWidth=1)
9.5338 	EXP 	Created demo4_text = TextStim(__class__=<class 'psychopy.visual.text.TextStim'>, alignHoriz=method-wrapper(...), alignText='center', alignVert=method-wrapper(...), anchorHoriz='center', anchorVert='center', antialias=True, autoLog=True, bold=False, color=array([-1., -1., -1.]), colorSpace='rgb', contrast=1.0, depth=-1.0, flipHoriz=False, flipVert=False, font='Open Sans', fontFiles=[], height=0.05, italic=False, languageStyle='LTR', name='demo4_text', opacity=1, ori=0.0, pos=array([0., 0.]), rgb=UNKNOWN, text=str(...), units='height', win=Window(...), wrapWidth=1)
9.5681 	INFO 	keyboard.Keyboard is using ptb backend.
9.5739 	EXP 	Created dem05_text = TextStim(__class__=<class 'psychopy.visual.text.TextStim'>, alignHoriz=method-wrapper(...), alignText='center', alignVert=method-wrapper(...), anchorHoriz='center', anchorVert='center', antialias=True, autoLog=True, bold=False, color=array([-1., -1., -1.]), colorSpace='rgb', contrast=1.0, depth=-1.0, flipHoriz=False, flipVert=False, font='Open Sans', fontFiles=[], height=0.05, italic=False, languageStyle='LTR', name='dem05_text', opacity=1, ori=0.0, pos=array([0. , 0.2]), rgb=UNKNOWN, text=str(...), units='height', win=Window(...), wrapWidth=1)
9.5765 	EXP 	Created demo5_submit_text = TextStim(__class__=<class 'psychopy.visual.text.TextStim'>, alignHoriz=method-wrapper(...), alignText='center', alignVert=method-wrapper(...), anchorHoriz='center', anchorVert='center', antialias=True, autoLog=True, bold=False, color=array([-1., -1., -1.]), colorSpace='rgb', contrast=1.0, depth=-2.0, flipHoriz=False, flipVert=False, font='Open Sans', fontFiles=[], height=0.05, italic=False, languageStyle='LTR', name='demo5_submit_text', opacity=1, ori=0.0, pos=array([ 0. , -0.2]), rgb=UNKNOWN, text='Press ENTER/RETURN to submit response.', units='height', win=Window(...), wrapWidth=1)
9.5774 	EXP 	Created language = TextStim(__class__=<class 'psychopy.visual.text.TextStim'>, alignHoriz=method-wrapper(...), alignText='center', alignVert=method-wrapper(...), anchorHoriz='center', anchorVert='center', antialias=True, autoLog=True, bold=False, color=array([-1., -1., -1.]), colorSpace='rgb', contrast=1.0, depth=-3.0, flipHoriz=False, flipVert=False, font='Open Sans', fontFiles=[], height=0.05, italic=False, languageStyle='LTR', name='language', opacity=1, ori=0.0, pos=array([0., 0.]), rgb=UNKNOWN, text='', units='height', win=Window(...), wrapWidth=1)
9.5850 	EXP 	Created end_text = TextStim(__class__=<class 'psychopy.visual.text.TextStim'>, alignHoriz=method-wrapper(...), alignText='center', alignVert=method-wrapper(...), anchorHoriz='center', anchorVert='center', antialias=True, autoLog=True, bold=False, color=array([-1., -1., -1.]), colorSpace='rgb', contrast=1.0, depth=0.0, flipHoriz=False, flipVert=False, font='Open Sans', fontFiles=[], height=0.05, italic=False, languageStyle='LTR', name='end_text', opacity=1, ori=0.0, pos=array([0., 0.]), rgb=UNKNOWN, text=str(...), units='height', win=Window(...), wrapWidth=1)
9.5977 	EXP 	unnamed Form: autoLog = True
9.5977 	EXP 	form: name = 'form'
9.5977 	EXP 	form: size = (1, 0.7)
9.5977 	EXP 	form: size = array([1. , 0.7])
9.5977 	EXP 	form: units = 'height'
9.5977 	EXP 	form: depth = 0
9.5977 	EXP 	welcome_text: autoDraw = True
10.2877 	DATA 	Keypress: escape
10.3882 	EXP 	window1: mouseVisible = True
10.3883 	DEBUG 	Saving data for joplin1 ExperimentHandler
10.4189 	INFO 	saved data to /Volumes/shares/Cabi/exp/joplin/joplin1/data/9999_001_joplin1.psydat
10.4502 	INFO 	saved data to '/Volumes/shares/Cabi/exp/joplin/joplin1/data/9999_001_joplin1.csv'
