0.6884 	WARNING 	We strongly recommend you activate the PTB sound engine in PsychoPy prefs as the preferred audio engine. Its timing is vastly superior. Your prefs are currently set to use ['sounddevice', 'PTB', 'pyo', 'pygame'] (in that order).
4.8216 	INFO 	Loaded monitor calibration from ['2021_07_08 11:11']
5.3366 	EXP 	Created window1 = Window(allowGUI=False, allowStencil=False, autoLog=True, backendConf=UNKNOWN, bitsMode=UNKNOWN, blendMode='avg', bpc=(8, 8, 8), color=array([1, 1, 1]), colorSpace='rgb', depthBits=8, fullscr=<method-wrapper '__getattribute__' of attributeSetter object at 0x7fdbf96bccf8>, gamma=None, gammaErrorPolicy='raise', lms=UNKNOWN, monitor=<psychopy.monitors.calibTools.Monitor object at 0x7fdbc8808eb8>, multiSample=False, name='window1', numSamples=2, pos=[640.0, 360.0], screen=0, size=array([5120, 2880]), stencilBits=0, stereo=False, units='height', useFBO=True, useRetina=True, viewOri=0.0, viewPos=None, viewScale=None, waitBlanking=True, winType='pyglet')
5.3368 	EXP 	window1: mouseVisible = True
5.3368 	EXP 	window1: recordFrameIntervals = False
5.5029 	EXP 	window1: recordFrameIntervals = True
5.6862 	DEBUG 	Screen (0) actual frame rate measured at 59.97
5.6862 	EXP 	window1: recordFrameIntervals = False
5.7605 	EXP 	Created welcome_text = TextStim(__class__=<class 'psychopy.visual.text.TextStim'>, alignHoriz=method-wrapper(...), alignText='center', alignVert=method-wrapper(...), anchorHoriz='center', anchorVert='center', antialias=True, autoLog=True, bold=False, color=array([-1, -1, -1]), colorSpace='rgb', contrast=1.0, depth=0.0, flipHoriz=False, flipVert=False, font='Open Sans', fontFiles=[], height=0.1, italic=False, languageStyle='LTR', name='welcome_text', opacity=1, ori=0.0, pos=array([0., 0.]), rgb=UNKNOWN, text=str(...), units='height', win=Window(...), wrapWidth=1)
5.8445 	EXP 	Created train_image = ImageStim(__class__=<class 'psychopy.visual.image.ImageStim'>, autoLog=True, color=array([1, 1, 1]), colorSpace='rgb', contrast=1.0, depth=-1.0, flipHoriz=False, flipVert=False, image='sin', interpolate=False, mask=None, maskParams=None, name='train_image', opacity=1, ori=0.0, pos=array([-0.05,  0.1 ]), size=array([0.45 , 0.675]), texRes=128.0, units='height', win=Window(...))
5.8692 	EXP 	Created batmans_text = TextStim(__class__=<class 'psychopy.visual.text.TextStim'>, alignHoriz=method-wrapper(...), alignText='center', alignVert=method-wrapper(...), anchorHoriz='center', anchorVert='center', antialias=True, autoLog=True, bold=False, color=array([-1, -1, -1]), colorSpace='rgb', contrast=1.0, depth=-3.0, flipHoriz=False, flipVert=False, font='Open Sans', fontFiles=[], height=0.08, italic=False, languageStyle='LTR', name='batmans_text', opacity=1, ori=0.0, pos=array([-0.35, -0.35]), rgb=UNKNOWN, text='', units='height', win=Window(...), wrapWidth=1)
5.8697 	EXP 	Created robins_text = TextStim(__class__=<class 'psychopy.visual.text.TextStim'>, alignHoriz=method-wrapper(...), alignText='center', alignVert=method-wrapper(...), anchorHoriz='center', anchorVert='center', antialias=True, autoLog=True, bold=False, color=array([-1, -1, -1]), colorSpace='rgb', contrast=1.0, depth=-4.0, flipHoriz=False, flipVert=False, font='Open Sans', fontFiles=[], height=0.08, italic=False, languageStyle='LTR', name='robins_text', opacity=1, ori=0.0, pos=array([ 0.35, -0.35]), rgb=UNKNOWN, text='', units='height', win=Window(...), wrapWidth=1)
5.8702 	EXP 	Created feedback_text = TextStim(__class__=<class 'psychopy.visual.text.TextStim'>, alignHoriz=method-wrapper(...), alignText='center', alignVert=method-wrapper(...), anchorHoriz='center', anchorVert='center', antialias=True, autoLog=True, bold=False, color=array([-1, -1, -1]), colorSpace='rgb', contrast=1.0, depth=-1.0, flipHoriz=False, flipVert=False, font='Open Sans', fontFiles=[], height=0.1, italic=False, languageStyle='LTR', name='feedback_text', opacity=1, ori=0.0, pos=array([0., 0.]), rgb=UNKNOWN, text='', units='height', win=Window(...), wrapWidth=1)
5.8721 	EXP 	Created ITIstim = ShapeStim(__class__=<class 'psychopy.visual.shape.ShapeStim'>, autoDraw=False, autoLog=True, closeShape=True, color=method-wrapper(...), colorSpace='rgb', contrast=None, depth=0.0, fillColor=array([-1, -1, -1]), fillColorSpace='rgb', fillRGB=UNKNOWN, interpolate=True, lineColor=array([-1, -1, -1]), lineColorSpace='rgb', lineRGB=UNKNOWN, lineWidth=1.0, name='ITIstim', opacity=1, ori=0.0, pos=array([0., 0.]), size=array([0.1, 0.1]), units='height', vertices=ndarray(...), win=Window(...), windingRule=None)
5.8742 	EXP 	Created test_image = ImageStim(__class__=<class 'psychopy.visual.image.ImageStim'>, autoLog=True, color=array([1, 1, 1]), colorSpace='rgb', contrast=1.0, depth=-1.0, flipHoriz=False, flipVert=False, image='sin', interpolate=False, mask=None, maskParams=None, name='test_image', opacity=1, ori=0.0, pos=array([-0.05,  0.1 ]), size=array([0.45 , 0.675]), texRes=128.0, units='height', win=Window(...))
5.9021 	EXP 	Created batmans_text_test = TextStim(__class__=<class 'psychopy.visual.text.TextStim'>, alignHoriz=method-wrapper(...), alignText='center', alignVert=method-wrapper(...), anchorHoriz='center', anchorVert='center', antialias=True, autoLog=True, bold=False, color=array([-1, -1, -1]), colorSpace='rgb', contrast=1.0, depth=-3.0, flipHoriz=False, flipVert=False, font='Open Sans', fontFiles=[], height=0.08, italic=False, languageStyle='LTR', name='batmans_text_test', opacity=1, ori=0.0, pos=array([-0.35, -0.35]), rgb=UNKNOWN, text='Batmans', units='height', win=Window(...), wrapWidth=1)
5.9062 	EXP 	Created robins_text_test = TextStim(__class__=<class 'psychopy.visual.text.TextStim'>, alignHoriz=method-wrapper(...), alignText='center', alignVert=method-wrapper(...), anchorHoriz='center', anchorVert='center', antialias=True, autoLog=True, bold=False, color=array([-1, -1, -1]), colorSpace='rgb', contrast=1.0, depth=-4.0, flipHoriz=False, flipVert=False, font='Open Sans', fontFiles=[], height=0.08, italic=False, languageStyle='LTR', name='robins_text_test', opacity=1, ori=0.0, pos=array([ 0.35, -0.35]), rgb=UNKNOWN, text='Robins', units='height', win=Window(...), wrapWidth=1)
5.9074 	EXP 	Created ITIstim = ShapeStim(__class__=<class 'psychopy.visual.shape.ShapeStim'>, autoDraw=False, autoLog=True, closeShape=True, color=method-wrapper(...), colorSpace='rgb', contrast=None, depth=0.0, fillColor=array([-1, -1, -1]), fillColorSpace='rgb', fillRGB=UNKNOWN, interpolate=True, lineColor=array([-1, -1, -1]), lineColorSpace='rgb', lineRGB=UNKNOWN, lineWidth=1.0, name='ITIstim', opacity=1, ori=0.0, pos=array([0., 0.]), size=array([0.1, 0.1]), units='height', vertices=ndarray(...), win=Window(...), windingRule=None)
5.9172 	EXP 	Created end_text = TextStim(__class__=<class 'psychopy.visual.text.TextStim'>, alignHoriz=method-wrapper(...), alignText='center', alignVert=method-wrapper(...), anchorHoriz='center', anchorVert='center', antialias=True, autoLog=True, bold=False, color=array([-1, -1, -1]), colorSpace='rgb', contrast=1.0, depth=0.0, flipHoriz=False, flipVert=False, font='Open Sans', fontFiles=[], height=0.1, italic=False, languageStyle='LTR', name='end_text', opacity=1, ori=0.0, pos=array([0., 0.]), rgb=UNKNOWN, text=str(...), units='height', win=Window(...), wrapWidth=1)
5.9527 	EXP 	welcome_text: autoDraw = True
7.3792 	DEBUG 	Read csv file with pandas: /Volumes/shares/Cabi/exp/joplin/joplin1/data/_joplin1_online_2021_Jul_29_1355_stimfile_train.csv
7.3809 	DEBUG 	Clearing unnamed columns from /Volumes/shares/Cabi/exp/joplin/joplin1/data/_joplin1_online_2021_Jul_29_1355_stimfile_train.csv
7.3814 	EXP 	Imported /Volumes/shares/Cabi/exp/joplin/joplin1/data/_joplin1_online_2021_Jul_29_1355_stimfile_train.csv as conditions, 10 conditions, 4 params
7.3817 	EXP 	Created sequence: random, trialTypes=10, nReps=1, seed=None
7.3820 	EXP 	New trial (rep=0, index=0): OrderedDict([('stim_id', "'0011111111'"), ('sums_feat', 8), ('category', 'batmans'), ('correct_key', 'f')])
7.5033 	DATA 	Keypress: space
7.5100 	EXP 	welcome_text: autoDraw = False
7.5100 	EXP 	train_image: image = '/Volumes/shares/Cabi/stimuli/cartoon_animals/Set1/0011111111.jpg'
7.5100 	EXP 	batmans_text: text = 'Batmans'
7.5100 	EXP 	robins_text: text = 'Robins'
7.5100 	EXP 	train_image: autoDraw = True
8.5038 	EXP 	batmans_text: autoDraw = True
8.5038 	EXP 	robins_text: autoDraw = True
10.0796 	DATA 	Keypress: j
10.0871 	EXP 	train_image: autoDraw = False
10.0871 	EXP 	batmans_text: autoDraw = False
10.0871 	EXP 	robins_text: autoDraw = False
10.0871 	EXP 	feedback_text: text = 'Incorrect. It was BATMANS'
10.0871 	EXP 	feedback_text: autoDraw = True
13.0882 	EXP 	feedback_text: autoDraw = False
13.0882 	EXP 	feedback_text: autoDraw = False
13.0882 	EXP 	ITIstim: autoDraw = True
14.0728 	EXP 	New trial (rep=0, index=1): OrderedDict([('stim_id', "'1100111111'"), ('sums_feat', 8), ('category', 'batmans'), ('correct_key', 'f')])
14.2194 	EXP 	ITIstim: autoDraw = False
14.2194 	EXP 	ITIstim: autoDraw = False
14.2194 	EXP 	train_image: image = '/Volumes/shares/Cabi/stimuli/cartoon_animals/Set1/1100111111.jpg'
14.2194 	EXP 	batmans_text: text = 'Batmans'
14.2194 	EXP 	robins_text: text = 'Robins'
14.2194 	EXP 	train_image: autoDraw = True
15.2055 	EXP 	batmans_text: autoDraw = True
15.2055 	EXP 	robins_text: autoDraw = True
16.1464 	DATA 	Keypress: f
16.1561 	EXP 	train_image: autoDraw = False
16.1561 	EXP 	batmans_text: autoDraw = False
16.1561 	EXP 	robins_text: autoDraw = False
16.1561 	EXP 	feedback_text: text = 'Correct. It was BATMANS'
16.1561 	EXP 	feedback_text: autoDraw = True
19.1568 	EXP 	feedback_text: autoDraw = False
19.1568 	EXP 	feedback_text: autoDraw = False
19.1568 	EXP 	ITIstim: autoDraw = True
20.1410 	EXP 	New trial (rep=0, index=2): OrderedDict([('stim_id', "'0000000011'"), ('sums_feat', 2), ('category', 'robins'), ('correct_key', 'j')])
20.2539 	EXP 	ITIstim: autoDraw = False
20.2539 	EXP 	ITIstim: autoDraw = False
20.2539 	EXP 	train_image: image = '/Volumes/shares/Cabi/stimuli/cartoon_animals/Set1/0000000011.jpg'
20.2539 	EXP 	batmans_text: text = 'Batmans'
20.2539 	EXP 	robins_text: text = 'Robins'
20.2539 	EXP 	train_image: autoDraw = True
21.2412 	EXP 	batmans_text: autoDraw = True
21.2412 	EXP 	robins_text: autoDraw = True
22.1993 	DATA 	Keypress: j
22.2078 	EXP 	train_image: autoDraw = False
22.2078 	EXP 	batmans_text: autoDraw = False
22.2078 	EXP 	robins_text: autoDraw = False
22.2078 	EXP 	feedback_text: text = 'Correct. It was ROBINS'
22.2078 	EXP 	feedback_text: autoDraw = True
23.3610 	DATA 	Keypress: escape
23.9635 	EXP 	window1: mouseVisible = True
23.9635 	DEBUG 	Saving data for joplin1_online ExperimentHandler
24.0780 	INFO 	saved data to /Volumes/shares/Cabi/exp/joplin/joplin1/data/_joplin1_online_2021_Jul_29_1355.psydat
24.1387 	INFO 	saved data to '/Volumes/shares/Cabi/exp/joplin/joplin1/data/_joplin1_online_2021_Jul_29_1355.csv'
